<?xml version="1.0" encoding="UTF-8"?>
<testsuite name="polyhedra.TestCylinder" tests="13" skipped="0" failures="0" errors="0" timestamp="2020-12-08T00:44:29" hostname="skunkworks" time="0.004">
  <properties/>
  <testcase name="testClone" classname="polyhedra.TestCylinder" time="0.0"/>
  <testcase name="testDefaultConstructor" classname="polyhedra.TestCylinder" time="0.0"/>
  <testcase name="testEquals" classname="polyhedra.TestCylinder" time="0.0"/>
  <testcase name="testEqualsDifferentClass" classname="polyhedra.TestCylinder" time="0.001"/>
  <testcase name="testFromDimensions" classname="polyhedra.TestCylinder" time="0.0"/>
  <testcase name="testHashCode" classname="polyhedra.TestCylinder" time="0.0"/>
  <testcase name="testNonDefaultConstructor" classname="polyhedra.TestCylinder" time="0.001"/>
  <testcase name="testScale" classname="polyhedra.TestCylinder" time="0.0"/>
  <testcase name="testSetHeight" classname="polyhedra.TestCylinder" time="0.0"/>
  <testcase name="testSetRadius" classname="polyhedra.TestCylinder" time="0.0"/>
  <testcase name="testToStringAfterScale" classname="polyhedra.TestCylinder" time="0.001"/>
  <testcase name="testToStringConstructor" classname="polyhedra.TestCylinder" time="0.0"/>
  <testcase name="testToStringDefaultConstructor" classname="polyhedra.TestCylinder" time="0.0"/>
  <system-out><![CDATA[]]></system-out>
  <system-err><![CDATA[]]></system-err>
</testsuite>
