<?xml version="1.0" encoding="UTF-8"?>
<testsuite name="polyhedra.TestCreatePolyhedra" tests="3" skipped="0" failures="0" errors="0" timestamp="2020-12-08T00:44:29" hostname="skunkworks" time="0.007">
  <properties/>
  <testcase name="testCreateDivider" classname="polyhedra.TestCreatePolyhedra" time="0.002"/>
  <testcase name="testDuplicateAndScale" classname="polyhedra.TestCreatePolyhedra" time="0.002"/>
  <testcase name="testPrintPolyhedra" classname="polyhedra.TestCreatePolyhedra" time="0.003"/>
  <system-out><![CDATA[]]></system-out>
  <system-err><![CDATA[]]></system-err>
</testsuite>
