<?xml version="1.0" encoding="UTF-8"?>
<testsuite name="polyhedra.io.TestPolyhedronReader" tests="5" skipped="0" failures="0" errors="0" timestamp="2020-12-08T00:44:29" hostname="skunkworks" time="0.024">
  <properties/>
  <testcase name="testReadComplexPolyhedra" classname="polyhedra.io.TestPolyhedronReader" time="0.011"/>
  <testcase name="testReadComplexPolyhedraWithEmptyLines" classname="polyhedra.io.TestPolyhedronReader" time="0.005"/>
  <testcase name="testReadInvalidPolyhedra" classname="polyhedra.io.TestPolyhedronReader" time="0.0"/>
  <testcase name="testReadSimplePolyhedra" classname="polyhedra.io.TestPolyhedronReader" time="0.003"/>
  <testcase name="testReadSimplePolyhedraWithEmptyLines" classname="polyhedra.io.TestPolyhedronReader" time="0.003"/>
  <system-out><![CDATA[]]></system-out>
  <system-err><![CDATA[]]></system-err>
</testsuite>
