<?xml version="1.0" encoding="UTF-8"?>
<testsuite name="polyhedra.TestComposite" tests="9" skipped="0" failures="0" errors="0" timestamp="2020-12-08T00:44:29" hostname="skunkworks" time="0.015">
  <properties/>
  <testcase name="testAdd" classname="polyhedra.TestComposite" time="0.005"/>
  <testcase name="testClone" classname="polyhedra.TestComposite" time="0.002"/>
  <testcase name="testDefaultConstructor" classname="polyhedra.TestComposite" time="0.0"/>
  <testcase name="testEquals" classname="polyhedra.TestComposite" time="0.001"/>
  <testcase name="testEqualsDifferentClass" classname="polyhedra.TestComposite" time="0.0"/>
  <testcase name="testHashCode" classname="polyhedra.TestComposite" time="0.0"/>
  <testcase name="testScale" classname="polyhedra.TestComposite" time="0.0"/>
  <testcase name="testToStringAfterScale" classname="polyhedra.TestComposite" time="0.002"/>
  <testcase name="testToStringNoScale" classname="polyhedra.TestComposite" time="0.002"/>
  <system-out><![CDATA[]]></system-out>
  <system-err><![CDATA[]]></system-err>
</testsuite>
