<?xml version="1.0" encoding="UTF-8"?>
<testsuite name="polyhedra.TestComposite" tests="7" skipped="0" failures="0" errors="0" timestamp="2020-12-01T20:53:47" hostname="skunkworks" time="0.026">
  <properties/>
  <testcase name="testAdd" classname="polyhedra.TestComposite" time="0.005"/>
  <testcase name="testClone" classname="polyhedra.TestComposite" time="0.002"/>
  <testcase name="testDefaultConstructor" classname="polyhedra.TestComposite" time="0.0"/>
  <testcase name="testRead" classname="polyhedra.TestComposite" time="0.01"/>
  <testcase name="testScale" classname="polyhedra.TestComposite" time="0.001"/>
  <testcase name="testToStringAfterScale" classname="polyhedra.TestComposite" time="0.005"/>
  <testcase name="testToStringNoScale" classname="polyhedra.TestComposite" time="0.001"/>
  <system-out><![CDATA[]]></system-out>
  <system-err><![CDATA[]]></system-err>
</testsuite>
